e:\project\github\leaptable\api\apileapmotion\apileapmotion\x64\debug\apileapmotion.pch
e:\project\github\leaptable\api\apileapmotion\apileapmotion\x64\debug\vc120.pdb
e:\project\github\leaptable\api\apileapmotion\apileapmotion\x64\debug\vc120.idb
e:\project\github\leaptable\api\apileapmotion\apileapmotion\x64\debug\stdafx.obj
e:\project\github\leaptable\api\apileapmotion\apileapmotion\x64\debug\apileapmotion.obj
e:\project\github\leaptable\api\apileapmotion\apileapmotion\x64\debug\callback.obj
e:\project\github\leaptable\api\apileapmotion\apileapmotion\x64\debug\callbacklistener.obj
e:\project\github\leaptable\api\apileapmotion\apileapmotion\x64\debug\controller.obj
e:\project\github\leaptable\api\apileapmotion\apileapmotion\x64\debug\core.obj
e:\project\github\leaptable\api\apileapmotion\apileapmotion\x64\debug\page.obj
e:\project\github\leaptable\api\apileapmotion\apileapmotion\x64\debug\uibutton.obj
e:\project\github\leaptable\api\apileapmotion\apileapmotion\x64\debug\uiobject.obj
e:\project\github\leaptable\api\apileapmotion\apileapmotion\x64\debug\uiobjectlist.obj
e:\project\github\leaptable\api\apileapmotion\apileapmotion\x64\debug\uiwindow.obj
e:\project\github\leaptable\api\apileapmotion\apileapmotion\x64\debug\windowxmlreader.obj
e:\project\github\leaptable\api\apileapmotion\x64\debug\apileapmotion.ilk
e:\project\github\leaptable\api\apileapmotion\x64\debug\apileapmotion.exe
e:\project\github\leaptable\api\apileapmotion\x64\debug\apileapmotion.pdb
e:\project\github\leaptable\api\apileapmotion\apileapmotion\x64\debug\apileapmotion.res
e:\project\github\leaptable\api\apileapmotion\apileapmotion\x64\debug\apileapmotion.tlog\cl.command.1.tlog
e:\project\github\leaptable\api\apileapmotion\apileapmotion\x64\debug\apileapmotion.tlog\cl.read.1.tlog
e:\project\github\leaptable\api\apileapmotion\apileapmotion\x64\debug\apileapmotion.tlog\cl.write.1.tlog
e:\project\github\leaptable\api\apileapmotion\apileapmotion\x64\debug\apileapmotion.tlog\link.command.1.tlog
e:\project\github\leaptable\api\apileapmotion\apileapmotion\x64\debug\apileapmotion.tlog\link.read.1.tlog
e:\project\github\leaptable\api\apileapmotion\apileapmotion\x64\debug\apileapmotion.tlog\link.write.1.tlog
e:\project\github\leaptable\api\apileapmotion\apileapmotion\x64\debug\apileapmotion.tlog\rc.command.1.tlog
e:\project\github\leaptable\api\apileapmotion\apileapmotion\x64\debug\apileapmotion.tlog\rc.read.1.tlog
e:\project\github\leaptable\api\apileapmotion\apileapmotion\x64\debug\apileapmotion.tlog\rc.write.1.tlog
