Build started 3/7/2016 2:53:38 PM.
     1>Project "E:\Project\GitHub\LeapTable\API\ApiLeapMotion\ApiLeapMotion\ApiLeapMotion.vcxproj" on node 2 (Build target(s)).
     1>ClCompile:
         C:\Program Files (x86)\Microsoft Visual Studio 12.0\VC\bin\x86_amd64\CL.exe /c /I"..\..\SFML-2.3\include" /Zi /nologo /W3 /WX- /sdl /O2 /Oi /GL /D SMLF_STATIC /D WIN32 /D NDEBUG /D _CONSOLE /D _LIB /D _UNICODE /D UNICODE /Gm- /EHsc /MD /GS /Gy /fp:precise /Zc:wchar_t /Zc:forScope /Yc"stdafx.h" /Fp"x64\Release\ApiLeapMotion.pch" /Fo"x64\Release\\" /Fd"x64\Release\vc120.pdb" /Gd /TP /errorReport:prompt stdafx.cpp
         stdafx.cpp
         C:\Program Files (x86)\Microsoft Visual Studio 12.0\VC\bin\x86_amd64\CL.exe /c /I"..\..\SFML-2.3\include" /Zi /nologo /W3 /WX- /sdl /O2 /Oi /GL /D SMLF_STATIC /D WIN32 /D NDEBUG /D _CONSOLE /D _LIB /D _UNICODE /D UNICODE /Gm- /EHsc /MD /GS /Gy /fp:precise /Zc:wchar_t /Zc:forScope /Yu"stdafx.h" /Fp"x64\Release\ApiLeapMotion.pch" /Fo"x64\Release\\" /Fd"x64\Release\vc120.pdb" /Gd /TP /errorReport:prompt ApiLeapMotion.cpp Controller.cpp Core.cpp Page.cpp UIButton.cpp UIObject.cpp UIObjectList.cpp UIWindow.cpp
         ApiLeapMotion.cpp
         Controller.cpp
         Core.cpp
         Page.cpp
         UIButton.cpp
         UIObject.cpp
         UIObjectList.cpp
         UIWindow.cpp
       Link:
         C:\Program Files (x86)\Microsoft Visual Studio 12.0\VC\bin\x86_amd64\link.exe /ERRORREPORT:PROMPT /OUT:"E:\Project\GitHub\LeapTable\API\ApiLeapMotion\x64\Release\ApiLeapMotion.exe" /INCREMENTAL:NO /NOLOGO /LIBPATH:"..\..\SFML-2.3\lib" "sfml-graphics.lib" "sfml-window.lib" "sfml-system.lib" kernel32.lib user32.lib gdi32.lib winspool.lib comdlg32.lib advapi32.lib shell32.lib ole32.lib oleaut32.lib uuid.lib odbc32.lib odbccp32.lib kernel32.lib user32.lib gdi32.lib winspool.lib comdlg32.lib advapi32.lib shell32.lib ole32.lib oleaut32.lib uuid.lib odbc32.lib odbccp32.lib /MANIFEST /MANIFESTUAC:"level='asInvoker' uiAccess='false'" /manifest:embed /DEBUG /PDB:"E:\Project\GitHub\LeapTable\API\ApiLeapMotion\x64\Release\ApiLeapMotion.pdb" /SUBSYSTEM:CONSOLE /OPT:REF /OPT:ICF /LTCG /TLBID:1 /DYNAMICBASE /NXCOMPAT /IMPLIB:"E:\Project\GitHub\LeapTable\API\ApiLeapMotion\x64\Release\ApiLeapMotion.lib" /MACHINE:X64 x64\Release\ApiLeapMotion.obj
         x64\Release\Controller.obj
         x64\Release\Core.obj
         x64\Release\Page.obj
         x64\Release\stdafx.obj
         x64\Release\UIButton.obj
         x64\Release\UIObject.obj
         x64\Release\UIObjectList.obj
         x64\Release\UIWindow.obj
         Generating code
         Finished generating code
         ApiLeapMotion.vcxproj -> E:\Project\GitHub\LeapTable\API\ApiLeapMotion\x64\Release\ApiLeapMotion.exe
     1>Done Building Project "E:\Project\GitHub\LeapTable\API\ApiLeapMotion\ApiLeapMotion\ApiLeapMotion.vcxproj" (Build target(s)).

Build succeeded.

Time Elapsed 00:00:06.21
